{
  "RSpec": {
    "coverage": {
      "/home/runner/work/pub4/pub4/cli.rb": {
        "lines": [
          null,
          null,
          null,
          null,
          null,
          null,
          1,
          1,
          1,
          1,
          1,
          1,
          1,
          1,
          1,
          1,
          null,
          1,
          1,
          null,
          null,
          1,
          1,
          null,
          1,
          1,
          null,
          1,
          3,
          0,
          0,
          0,
          0,
          0,
          0,
          null,
          0,
          0,
          null,
          null,
          1,
          42,
          null,
          0,
          0,
          0,
          0,
          null,
          null,
          0,
          0,
          null,
          0,
          null,
          null,
          1,
          null,
          1,
          0,
          0,
          null,
          0,
          null,
          null,
          null,
          0,
          0,
          null,
          null,
          null,
          null,
          1,
          null,
          null,
          1,
          1,
          null,
          1,
          null,
          1,
          44,
          44,
          44,
          null,
          44,
          34,
          32,
          32,
          null,
          42,
          null,
          null,
          1,
          14,
          14,
          14,
          null,
          null,
          null,
          null,
          1,
          1,
          null,
          1,
          18,
          6,
          null,
          0,
          null,
          0,
          0,
          null,
          0,
          null,
          null,
          null,
          null,
          null,
          null,
          0,
          null,
          0,
          null,
          null,
          null,
          null,
          1,
          1,
          64,
          64,
          null,
          null,
          1,
          18,
          10,
          6,
          null,
          0,
          null,
          null,
          1,
          18,
          18,
          18,
          16,
          null,
          2,
          null,
          null,
          1,
          null,
          1,
          36,
          36,
          10,
          2,
          24,
          null,
          36,
          32,
          4,
          null,
          null,
          null,
          null,
          1,
          1,
          28,
          28,
          28,
          null,
          null,
          1,
          0,
          0,
          null,
          0,
          0,
          0,
          0,
          0,
          null,
          null,
          0,
          null,
          null,
          1,
          null,
          1,
          null,
          28,
          null,
          null,
          null,
          null,
          1,
          16,
          16,
          2,
          10,
          2,
          2,
          null,
          null,
          null,
          1,
          4,
          4,
          2,
          2,
          null,
          2,
          null,
          null,
          1,
          2,
          null,
          null,
          null,
          null,
          null,
          null,
          null,
          1,
          10,
          8,
          8,
          null,
          6,
          6,
          6,
          6,
          null,
          null,
          null,
          1
        ]
      }
    },
    "timestamp": 1769485889
  }
}
